<?xml version="1.0" encoding="UTF-8"?>
<!-- Generated by org.testng.reporters.JUnitXMLReporter -->
<testsuite hostname="IN-5CG7192FW6" ignored="0" name="Test" tests="1" failures="1" timestamp="29 May 2020 09:09:01 GMT" time="12.973" errors="0">
  <testcase name="@AfterMethod getResult" time="0.025" classname="com.mirafra.extentreport.GenerateExtentReport">
    <failure type="java.lang.NullPointerException">
      <![CDATA[java.lang.NullPointerException
	at com.mirafra.extentreport.GenerateExtentReport.getScreenShot(GenerateExtentReport.java:85)
	at com.mirafra.extentreport.GenerateExtentReport.getResult(GenerateExtentReport.java:135)
... Removed 27 stack frames]]>
    </failure>
  </testcase> <!-- @AfterMethod getResult -->
  <testcase name="@AfterTest endReport" time="0.0" classname="com.mirafra.extentreport.GenerateExtentReport">
    <skipped/>
  </testcase> <!-- @AfterTest endReport -->
  <testcase name="demoPass" time="0.068" classname="com.mirafra.extentreport.GenerateExtentReport">
    <failure type="java.lang.AssertionError" message="expected [true] but found [false]">
      <![CDATA[java.lang.AssertionError: expected [true] but found [false]
	at com.mirafra.extentreport.GenerateExtentReport.demoPass(GenerateExtentReport.java:99)
... Removed 29 stack frames]]>
    </failure>
  </testcase> <!-- demoPass -->
</testsuite> <!-- Test -->
