<?xml version="1.0" encoding="UTF-8"?>
<!-- Generated by org.testng.reporters.JUnitXMLReporter -->
<testsuite hostname="IN-5CG7192FW6" ignored="0" name="Test" tests="3" failures="2" timestamp="01 Jun 2020 06:37:01 GMT" time="204.248" errors="0">
  <testcase name="demoPass" time="0.148" classname="com.mirafra.extentreport.GenerateExtentReport"/>
  <testcase name="demofail" time="0.022" classname="com.mirafra.extentreport.GenerateExtentReport">
    <failure type="java.lang.AssertionError" message="expected [SpiceJet - Flight stic and International, Cheap Air Tickets] but found [SpiceJet - Flight Booking for Domestic and International, Cheap Air Tickets]">
      <![CDATA[java.lang.AssertionError: expected [SpiceJet - Flight stic and International, Cheap Air Tickets] but found [SpiceJet - Flight Booking for Domestic and International, Cheap Air Tickets]
	at com.mirafra.extentreport.GenerateExtentReport.demofail(GenerateExtentReport.java:116)
... Removed 34 stack frames]]>
    </failure>
  </testcase> <!-- demofail -->
  <testcase name="thiedTestCase" time="0.005" classname="com.mirafra.extentreport.GenerateExtentReport">
    <failure type="java.lang.AssertionError" message="expected [true] but found [false]">
      <![CDATA[java.lang.AssertionError: expected [true] but found [false]
	at com.mirafra.extentreport.GenerateExtentReport.thiedTestCase(GenerateExtentReport.java:125)
... Removed 32 stack frames]]>
    </failure>
  </testcase> <!-- thiedTestCase -->
</testsuite> <!-- Test -->
