<?xml version="1.0" encoding="UTF-8"?>
<testsuite xmlns:xsi="http://www.w3.org/2001/XMLSchema-instance" xsi:schemaLocation="https://maven.apache.org/surefire/maven-surefire-plugin/xsd/surefire-test-report.xsd" name="TestSuite" time="213.18" tests="3" errors="0" skipped="0" failures="2">
  <properties>
[...]
</properties>
  <testcase name="demoPass" classname="com.mirafra.extentreport.GenerateExtentReport" time="0.149"/>
  <testcase name="demofail" classname="com.mirafra.extentreport.GenerateExtentReport" time="0.056">
    <failure message="expected [SpiceJet - Flight stic and International, Cheap Air Tickets] but found [SpiceJet - Flight Booking for Domestic and International, Cheap Air Tickets]" type="java.lang.AssertionError">java.lang.AssertionError: expected [SpiceJet - Flight stic and International, Cheap Air Tickets] but found [SpiceJet - Flight Booking for Domestic and International, Cheap Air Tickets]
	at com.mirafra.extentreport.GenerateExtentReport.demofail(GenerateExtentReport.java:116)
</failure>
    <system-out><![CDATA[SpiceJet - Flight Booking for Domestic and International, Cheap Air Tickets
]]></system-out>
    <system-err><![CDATA[Starting ChromeDriver 2.38.552522 (437e6fbedfa8762dec75e2c5b3ddb86763dc9dcb) on port 12378
Only local connections are allowed.
Jun 01, 2020 12:04:36 PM org.openqa.selenium.remote.ProtocolHandshake createSession
INFO: Detected dialect: OSS
]]></system-err>
  </testcase>
  <testcase name="thiedTestCase" classname="com.mirafra.extentreport.GenerateExtentReport" time="0.003">
    <failure message="expected [true] but found [false]" type="java.lang.AssertionError">java.lang.AssertionError: expected [true] but found [false]
	at com.mirafra.extentreport.GenerateExtentReport.thiedTestCase(GenerateExtentReport.java:125)
</failure>
    <system-out><![CDATA[print date -------------------------
200601_120530
]]></system-out>
    <system-err><![CDATA[Starting ChromeDriver 2.38.552522 (437e6fbedfa8762dec75e2c5b3ddb86763dc9dcb) on port 40097
Only local connections are allowed.
Jun 01, 2020 12:05:42 PM org.openqa.selenium.remote.ProtocolHandshake createSession
INFO: Detected dialect: OSS
]]></system-err>
  </testcase>
</testsuite>